<?xml version="1.0" encoding="UTF-8"?>
<testng-results ignored="0" total="1" passed="1" failed="0" skipped="0">
  <reporter-output>
  </reporter-output>
  <suite started-at="2023-05-20T02:07:03 GMT-07:00" name="Suite" finished-at="2023-05-20T02:07:45 GMT-07:00" duration-ms="42396">
    <groups>
    </groups>
    <test started-at="2023-05-20T02:07:03 GMT-07:00" name="Test" finished-at="2023-05-20T02:07:45 GMT-07:00" duration-ms="42396">
      <class name="testngImplementation.CreateContactWithOrgTest">
        <test-method is-config="true" signature="classConfiguration()[pri:0, instance:testngImplementation.CreateContactWithOrgTest@2b91004a]" started-at="2023-05-20T02:07:03 GMT-07:00" name="classConfiguration" finished-at="2023-05-20T02:07:08 GMT-07:00" duration-ms="4969" status="PASS">
          <reporter-output>
          </reporter-output>
        </test-method> <!-- classConfiguration -->
        <test-method is-config="true" signature="methodConfiguration()[pri:0, instance:testngImplementation.CreateContactWithOrgTest@2b91004a]" started-at="2023-05-20T02:07:08 GMT-07:00" name="methodConfiguration" finished-at="2023-05-20T02:07:15 GMT-07:00" duration-ms="6864" status="PASS">
          <reporter-output>
          </reporter-output>
        </test-method> <!-- methodConfiguration -->
        <test-method signature="createContactWithOrgTest()[pri:0, instance:testngImplementation.CreateContactWithOrgTest@2b91004a]" started-at="2023-05-20T02:07:15 GMT-07:00" name="createContactWithOrgTest" finished-at="2023-05-20T02:07:42 GMT-07:00" duration-ms="27391" status="PASS">
          <reporter-output>
          </reporter-output>
        </test-method> <!-- createContactWithOrgTest -->
        <test-method is-config="true" signature="methodTearDown()[pri:0, instance:testngImplementation.CreateContactWithOrgTest@2b91004a]" started-at="2023-05-20T02:07:42 GMT-07:00" name="methodTearDown" finished-at="2023-05-20T02:07:45 GMT-07:00" duration-ms="2613" status="PASS">
          <reporter-output>
          </reporter-output>
        </test-method> <!-- methodTearDown -->
        <test-method is-config="true" signature="classTearDown()[pri:0, instance:testngImplementation.CreateContactWithOrgTest@2b91004a]" started-at="2023-05-20T02:07:45 GMT-07:00" name="classTearDown" finished-at="2023-05-20T02:07:45 GMT-07:00" duration-ms="133" status="PASS">
          <reporter-output>
          </reporter-output>
        </test-method> <!-- classTearDown -->
      </class> <!-- testngImplementation.CreateContactWithOrgTest -->
    </test> <!-- Test -->
  </suite> <!-- Suite -->
</testng-results>
